C51 COMPILER V9.60.7.0   MAIN                                                              10/27/2023 16:18:42 PAGE 1   


C51 COMPILER V9.60.7.0, COMPILATION OF MODULE MAIN
OBJECT MODULE PLACED IN .\Objects\main.obj
COMPILER INVOKED BY: D:\KeilIDE\C51\BIN\C51.EXE main.c OPTIMIZE(8,SPEED) BROWSE DEBUG OBJECTEXTEND PRINT(.\Listings\main
                    -.lst) TABS(2) OBJECT(.\Objects\main.obj)

line level    source

   1          #include"REGX52.h"
   2          #include"Delay.h"
   3          #include"LCD1602.h"
   4          #include"maxk.h"
   5          
   6          unsigned char keynum;
   7          
   8          void main()
   9          {
  10   1      
  11   1        LCD_Init();
  12   1        LCD_ShowString(1, 1, "maxk");
  13   1        while (1)
  14   1        {
  15   2          keynum=maxk();
  16   2          if(keynum)
  17   2          {
  18   3            LCD_ShowNum(2,1,keynum,2);
  19   3          }
  20   2        }
  21   1      }
  22          
  23          
  24          
  25          
  26          
  27          
  28          
  29          
  30          


MODULE INFORMATION:   STATIC OVERLAYABLE
   CODE SIZE        =     40    ----
   CONSTANT SIZE    =      5    ----
   XDATA SIZE       =   ----    ----
   PDATA SIZE       =   ----    ----
   DATA SIZE        =      1    ----
   IDATA SIZE       =   ----    ----
   BIT SIZE         =   ----    ----
END OF MODULE INFORMATION.


C51 COMPILATION COMPLETE.  0 WARNING(S),  0 ERROR(S)
