C51 COMPILER V9.60.7.0   MAIN                                                              10/28/2023 00:25:44 PAGE 1   


C51 COMPILER V9.60.7.0, COMPILATION OF MODULE MAIN
OBJECT MODULE PLACED IN .\Objects\main.obj
COMPILER INVOKED BY: D:\KeilIDE\C51\BIN\C51.EXE main.c OPTIMIZE(8,SPEED) BROWSE DEBUG OBJECTEXTEND PRINT(.\Listings\main
                    -.lst) TABS(2) OBJECT(.\Objects\main.obj)

line level    source

   1          #include"REGX52.h"
   2          #include"Delay.h"
   3          #include"LCD1602.h"
   4          #include"maxk.h"
   5          
   6          unsigned char keynum;
   7          unsigned int password,count;
   8          
   9          void main()
  10          {
  11   1      
  12   1        LCD_Init();
  13   1        LCD_ShowString(1, 1, "Password");
  14   1        while (1)
  15   1        {
  16   2          keynum=maxk();
  17   2          if (keynum)
  18   2          {
  19   3            if (keynum <= 10)//如果s1到s10按键按下。输入密码
  20   3            {
  21   4              if (count < 4)//如果输入次数小于4
  22   4              {
  23   5                password *= 10;//密码右移一位
  24   5                password += keynum % 10;//获取一位密码
  25   5                count++;//计数加一
  26   5              }
  27   4            }
  28   3            LCD_ShowNum(2, 1, password, 4);//更新显示
  29   3            if (keynum == 11)//如果s11按键按下，确认
  30   3            {
  31   4              if (password == 2345)
  32   4              {
  33   5                LCD_ShowString(1,14,"ok ");//如果密码正确
  34   5                password = 0;
  35   5                count = 0;
  36   5                LCD_ShowNum(2, 1, password, 4);
  37   5              }
  38   4              else  //否则
  39   4              {
  40   5                LCD_ShowString(1,14,"err");//显示错误
  41   5                password = 0;
  42   5                count = 0;
  43   5                LCD_ShowNum(2, 1, password, 4);
  44   5              }
  45   4            }
  46   3            if (keynum==12)//如果s11按键按下，取消
  47   3            {
  48   4              password = 0;
  49   4              count = 0;
  50   4              LCD_ShowNum(2, 1, password, 4);
  51   4              LCD_ShowNum(1, 14, "   ");
*** WARNING C209 IN LINE 51 OF main.c: '_LCD_ShowNum': too few actual parameters
*** WARNING C214 IN LINE 51 OF main.c: 'Argument': conversion: pointer to non-pointer
  52   4            }
C51 COMPILER V9.60.7.0   MAIN                                                              10/28/2023 00:25:44 PAGE 2   

  53   3          }
  54   2        }
  55   1      }
  56          
  57          
  58          
  59          
  60          
  61          
  62          
  63          
  64          


MODULE INFORMATION:   STATIC OVERLAYABLE
   CODE SIZE        =    200    ----
   CONSTANT SIZE    =     21    ----
   XDATA SIZE       =   ----    ----
   PDATA SIZE       =   ----    ----
   DATA SIZE        =      5    ----
   IDATA SIZE       =   ----    ----
   BIT SIZE         =   ----    ----
END OF MODULE INFORMATION.


C51 COMPILATION COMPLETE.  2 WARNING(S),  0 ERROR(S)
