C51 COMPILER V9.60.7.0   TIMER0                                                            10/29/2023 10:22:02 PAGE 1   


C51 COMPILER V9.60.7.0, COMPILATION OF MODULE TIMER0
OBJECT MODULE PLACED IN .\Objects\timer0.obj
COMPILER INVOKED BY: D:\KeilIDE\C51\BIN\C51.EXE timer0.c OPTIMIZE(8,SPEED) BROWSE DEBUG OBJECTEXTEND PRINT(.\Listings\ti
                    -mer0.lst) TABS(2) OBJECT(.\Objects\timer0.obj)

line level    source

   1          #include <REGX52.H>
   2          /**
   3             *@brief   定时器0初始化，1ms
   4             *@param    无
   5             *@retval   无
   6             */
   7          void timer0_init()
   8          {
   9   1          TMOD &= 0xF0;     //设置定时器模式
  10   1          TMOD |= 0x01;     //设置定时器模式
  11   1          TL0 = 0x66;       //设置定时初始值
  12   1          TH0 = 0xFC;       //设置定时初始值
  13   1          TF0 = 0;        //清除TF0标志
  14   1          TR0 = 1;
  15   1          ET0 = 1;
  16   1          EA = 1;
  17   1          PT0 = 0;//定时器0 开始计时
  18   1        
  19   1      }
  20          /*定时器中断模板
  21          void timer0_routine() interrupt 1
  22          {
  23            static unsigned int count;
  24            TL0 = 0x66;       //设置定时初始值
  25            TH0 = 0xFC;
  26            count++;
  27            if (count>=1000)
  28            { 
  29              count = 0;
  30            }
  31            
  32          }
  33          */


MODULE INFORMATION:   STATIC OVERLAYABLE
   CODE SIZE        =     23    ----
   CONSTANT SIZE    =   ----    ----
   XDATA SIZE       =   ----    ----
   PDATA SIZE       =   ----    ----
   DATA SIZE        =   ----    ----
   IDATA SIZE       =   ----    ----
   BIT SIZE         =   ----    ----
END OF MODULE INFORMATION.


C51 COMPILATION COMPLETE.  0 WARNING(S),  0 ERROR(S)
