C51 COMPILER V9.60.7.0   MAIN                                                              10/29/2023 23:07:55 PAGE 1   


C51 COMPILER V9.60.7.0, COMPILATION OF MODULE MAIN
OBJECT MODULE PLACED IN .\Objects\main.obj
COMPILER INVOKED BY: D:\KeilIDE\C51\BIN\C51.EXE main.c OPTIMIZE(8,SPEED) BROWSE DEBUG OBJECTEXTEND PRINT(.\Listings\main
                    -.lst) TABS(2) OBJECT(.\Objects\main.obj)

line level    source

   1          #include"regx52.h"
   2          #include"delay.h"
   3          #include"timer.h"
*** WARNING C318 IN LINE 3 OF main.c: can't open file 'timer.h'
   4          #include"lcd1602.h"
   5          unsigned char sec;
   6          unsigned char min;
   7          unsigned char shi;
   8           void main()
   9          {
  10   1        LCD_Init();
  11   1        timer0_init();
*** WARNING C206 IN LINE 11 OF main.c: 'timer0_init': missing function-prototype
  12   1      
  13   1        LCD_ShowString(1, 1, "clock");
  14   1        LCD_ShowString(2, 1, "  :  :  ");
  15   1      
  16   1        while(1)
  17   1        {
  18   2          LCD_ShowNum(2,1,shi,2);
  19   2          LCD_ShowNum(2,4,min,2);
  20   2          LCD_ShowNum(2,7,sec,2);
  21   2        }
  22   1      }
  23          
  24          void timer0_routine() interrupt 1
  25          {
  26   1        static unsigned int count;
  27   1        TL0 = 0x66;       
  28   1        TH0 = 0xFC;
  29   1        count++;
  30   1        if (count >= 1000)
  31   1        {
  32   2          count = 0;
  33   2          sec++;
  34   2          if (sec>=60)
  35   2          {
  36   3            sec = 0;
  37   3            min++;
  38   3            if (min>=60)
  39   3            {
  40   4              min = 0;
  41   4              shi++;
  42   4              if (shi>=24)
  43   4              {
  44   5                shi = 0;
  45   5              }
  46   4            }
  47   3          }
  48   2        }
  49   1      
  50   1      }


C51 COMPILER V9.60.7.0   MAIN                                                              10/29/2023 23:07:55 PAGE 2   

MODULE INFORMATION:   STATIC OVERLAYABLE
   CODE SIZE        =    150    ----
   CONSTANT SIZE    =     15    ----
   XDATA SIZE       =   ----    ----
   PDATA SIZE       =   ----    ----
   DATA SIZE        =      5    ----
   IDATA SIZE       =   ----    ----
   BIT SIZE         =   ----    ----
END OF MODULE INFORMATION.


C51 COMPILATION COMPLETE.  2 WARNING(S),  0 ERROR(S)
